<html>
<body>
<pre>
<h1>Vision Build Log</h1>
<h2>Tool Versions:</h2>
IDE-Version: μVision V5.38.0.0
Copyright (C) 2022 ARM Ltd and ARM Germany GmbH. All rights reserved.
License Information: Zuo Jinshan, CDUTCM, LIC=----
 
Tool Versions:
Toolchain:       PK51 Prof. Develpers Kit  Version: 9.60.7.0
Toolchain Path:  C:\Keil_v5\C51\BIN
C Compiler:      C51.exe V9.60.7.0
Assembler:       A51.exe V8.2.7.0
Linker/Locator:  BL51.exe V6.22.4.0
Library Manager: LIB51.exe V4.30.1.0
Hex Converter:   OH51.exe V2.7.0.0
CPU DLL:         S8051.DLL V3.125.1.0
Dialog DLL:      DP51.DLL V2.69.0.0 
<h2>Project:</h2>
C:\Users\24021\文档\MyGit\STC15F2K60S2-reference-guide\练习代码\03单模块架构\6使用ds18b20测量温度\project.uvproj
Project File Date:  04/06/2024

<h2>Output:</h2>
Build target 'Target 1'
compiling main.c...
main.c(1): warning C318: can't open file 'STC15F2K60S2.H'
onewire.h(4): warning C318: can't open file 'STC15F2K60S2.H'
onewire.h(7): error C202: 'P1': undefined identifier
main.c(30): error C202: 'P0': undefined identifier
main.c(31): error C202: 'P2': undefined identifier
main.c(32): error C202: 'P0': undefined identifier
main.c(33): error C202: 'P2': undefined identifier
main.c(36): error C202: 'P2': undefined identifier
main.c(36): error C202: 'P0': undefined identifier
main.c(36): error C202: 'P2': undefined identifier
main.c(37): error C202: 'P2': undefined identifier
main.c(37): error C202: 'P0': undefined identifier
main.c(37): error C202: 'P2': undefined identifier
main.c(38): error C202: 'P2': undefined identifier
main.c(38): error C202: 'P0': undefined identifier
main.c(38): error C202: 'P2': undefined identifier
main.c(39): error C202: 'P2': undefined identifier
main.c(39): error C202: 'P0': undefined identifier
main.c(39): error C202: 'P2': undefined identifier
main.c(40): error C202: 'P2': undefined identifier
main.c(40): error C202: 'P0': undefined identifier
main.c(40): error C202: 'P2': undefined identifier
main.c(41): error C202: 'P2': undefined identifier
main.c(41): error C202: 'P0': undefined identifier
main.c(41): error C202: 'P2': undefined identifier
main.c(42): error C202: 'P2': undefined identifier
main.c(42): error C202: 'P0': undefined identifier
main.c(42): error C202: 'P2': undefined identifier
main.c(43): error C202: 'P2': undefined identifier
main.c(43): error C202: 'P0': undefined identifier
main.c(43): error C202: 'P2': undefined identifier
main.c(53): error C202: 'EA': undefined identifier
main.c(54): error C202: 'ET1': undefined identifier
main.c(55): error C202: 'TR1': undefined identifier
main.c(56): error C202: 'TMOD': undefined identifier
main.c(57): error C202: 'TH1': undefined identifier
main.c(58): error C202: 'TL1': undefined identifier
main.c(63): error C202: 'P2': undefined identifier
main.c(64): error C202: 'P0': undefined identifier
main.c(65): error C202: 'P2': undefined identifier
main.c(66): error C202: 'P2': undefined identifier
main.c(67): error C202: 'P0': undefined identifier
main.c(68): error C202: 'P2': undefined identifier
main.c(69): error C202: 'P2': undefined identifier
main.c(70): error C202: 'P0': undefined identifier
main.c(71): error C202: 'P2': undefined identifier
main.c(72): error C202: 'P2': undefined identifier
main.c(73): error C202: 'P0': undefined identifier
main.c(74): error C202: 'P2': undefined identifier
main.c(110): error C202: 'TH1': undefined identifier
main.c(111): error C202: 'TL1': undefined identifier
compiling onewire.c...
onewire.h(4): warning C318: can't open file 'STC15F2K60S2.H'
onewire.h(7): error C202: 'P1': undefined identifier
onewire.c(19): error C202: 'DQ': undefined identifier
onewire.c(20): error C202: 'DQ': undefined identifier
onewire.c(22): error C202: 'DQ': undefined identifier
onewire.c(36): error C202: 'DQ': undefined identifier
onewire.c(38): error C202: 'DQ': undefined identifier
onewire.c(39): error C202: 'DQ': undefined identifier
onewire.c(53): error C202: 'DQ': undefined identifier
onewire.c(55): error C202: 'DQ': undefined identifier
onewire.c(57): error C202: 'DQ': undefined identifier
onewire.c(59): error C202: 'DQ': undefined identifier
Target not created.
Build Time Elapsed:  00:00:00
</pre>
</body>
</html>
